0 info it worked if it ends with ok
1 verbose cli [ '/usr/local/bin/node',
1 verbose cli   '/usr/local/bin/npm',
1 verbose cli   'install',
1 verbose cli   'ios-deploy' ]
2 info using npm@2.15.5
3 info using node@v4.4.5
4 verbose install initial load of /Users/heechuls/Project/talktudy/package.json
5 warn package.json talktudy@1.1.1 No repository field.
6 warn package.json talktudy@1.1.1 No README data
7 warn package.json talktudy@1.1.1 No license field.
8 verbose installManyTop reading scoped package data from /Users/heechuls/Project/talktudy/node_modules/add/package.json
9 verbose installManyTop reading scoped package data from /Users/heechuls/Project/talktudy/node_modules/bower/package.json
10 verbose installManyTop reading scoped package data from /Users/heechuls/Project/talktudy/node_modules/cordova/package.json
11 verbose installManyTop reading scoped package data from /Users/heechuls/Project/talktudy/node_modules/cordova-plugin-sim/package.json
12 verbose installManyTop reading scoped package data from /Users/heechuls/Project/talktudy/node_modules/fcm-push/package.json
13 verbose installManyTop reading scoped package data from /Users/heechuls/Project/talktudy/node_modules/gulp/package.json
14 verbose installManyTop reading scoped package data from /Users/heechuls/Project/talktudy/node_modules/gulp-concat/package.json
15 verbose installManyTop reading scoped package data from /Users/heechuls/Project/talktudy/node_modules/gulp-minify-css/package.json
16 verbose installManyTop reading scoped package data from /Users/heechuls/Project/talktudy/node_modules/gulp-rename/package.json
17 verbose installManyTop reading scoped package data from /Users/heechuls/Project/talktudy/node_modules/gulp-sass/package.json
18 verbose installManyTop reading scoped package data from /Users/heechuls/Project/talktudy/node_modules/gulp-util/package.json
19 verbose installManyTop reading scoped package data from /Users/heechuls/Project/talktudy/node_modules/plugin/package.json
20 verbose installManyTop reading scoped package data from /Users/heechuls/Project/talktudy/node_modules/rxjs/package.json
21 verbose installManyTop reading scoped package data from /Users/heechuls/Project/talktudy/node_modules/shelljs/package.json
22 verbose installManyTop reading scoped package data from /Users/heechuls/Project/talktudy/node_modules/zone.js/package.json
23 verbose installManyTop reading scoped package data from /Users/heechuls/Project/talktudy/node_modules/@ionic/cloud-angular/package.json
24 verbose installManyTop reading scoped package data from /Users/heechuls/Project/talktudy/node_modules/@angular/core/package.json
25 info package.json shelljs@0.3.0 license should be a valid SPDX license expression
26 info package.json @angular/core@2.0.0-rc.4 No description
27 info package.json @angular/core@2.0.0-rc.4 No README data
28 info package.json gulp-rename@1.2.2 No license field.
29 info package.json gulp-minify-css@0.3.13 No license field.
30 info package.json plugin@0.3.3 No license field.
31 verbose readDependencies loading dependencies from /Users/heechuls/Project/talktudy/package.json
32 silly cache add args [ 'ios-deploy', null ]
33 verbose cache add spec ios-deploy
34 silly cache add parsed spec Result {
34 silly cache add   raw: 'ios-deploy',
34 silly cache add   scope: null,
34 silly cache add   name: 'ios-deploy',
34 silly cache add   rawSpec: '',
34 silly cache add   spec: 'latest',
34 silly cache add   type: 'tag' }
35 silly addNamed ios-deploy@latest
36 verbose addNamed "latest" is being treated as a dist-tag for ios-deploy
37 info addNameTag [ 'ios-deploy', 'latest' ]
38 silly mapToRegistry name ios-deploy
39 silly mapToRegistry using default registry
40 silly mapToRegistry registry https://registry.npmjs.org/
41 silly mapToRegistry data Result {
41 silly mapToRegistry   raw: 'ios-deploy',
41 silly mapToRegistry   scope: null,
41 silly mapToRegistry   name: 'ios-deploy',
41 silly mapToRegistry   rawSpec: '',
41 silly mapToRegistry   spec: 'latest',
41 silly mapToRegistry   type: 'tag' }
42 silly mapToRegistry uri https://registry.npmjs.org/ios-deploy
43 verbose addNameTag registry:https://registry.npmjs.org/ios-deploy not in flight; fetching
44 verbose request uri https://registry.npmjs.org/ios-deploy
45 verbose request no auth needed
46 info attempt registry request try #1 at 3:42:14 PM
47 verbose request id 8715fec802bfa2e6
48 verbose etag "5ALDUQ1GLDBEYMDJK8RUMV18V"
49 http request GET https://registry.npmjs.org/ios-deploy
50 http 304 https://registry.npmjs.org/ios-deploy
51 verbose headers { date: 'Thu, 21 Jul 2016 06:42:14 GMT',
51 verbose headers   via: '1.1 varnish',
51 verbose headers   'cache-control': 'max-age=300',
51 verbose headers   etag: '"5ALDUQ1GLDBEYMDJK8RUMV18V"',
51 verbose headers   age: '20',
51 verbose headers   connection: 'keep-alive',
51 verbose headers   'x-served-by': 'cache-hkg6824-HKG',
51 verbose headers   'x-cache': 'HIT',
51 verbose headers   'x-cache-hits': '1',
51 verbose headers   'x-timer': 'S1469083334.514536,VS0,VE0',
51 verbose headers   vary: 'Accept-Encoding' }
52 silly get cb [ 304,
52 silly get   { date: 'Thu, 21 Jul 2016 06:42:14 GMT',
52 silly get     via: '1.1 varnish',
52 silly get     'cache-control': 'max-age=300',
52 silly get     etag: '"5ALDUQ1GLDBEYMDJK8RUMV18V"',
52 silly get     age: '20',
52 silly get     connection: 'keep-alive',
52 silly get     'x-served-by': 'cache-hkg6824-HKG',
52 silly get     'x-cache': 'HIT',
52 silly get     'x-cache-hits': '1',
52 silly get     'x-timer': 'S1469083334.514536,VS0,VE0',
52 silly get     vary: 'Accept-Encoding' } ]
53 verbose etag https://registry.npmjs.org/ios-deploy from cache
54 verbose get saving ios-deploy to /Users/heechuls/.npm/registry.npmjs.org/ios-deploy/.cache.json
55 verbose correctMkdir /Users/heechuls/.npm correctMkdir not in flight; initializing
56 silly addNameTag next cb for ios-deploy with tag latest
57 silly addNamed ios-deploy@1.8.6
58 verbose addNamed "1.8.6" is a plain semver version for ios-deploy
59 silly cache afterAdd ios-deploy@1.8.6
60 verbose afterAdd /Users/heechuls/.npm/ios-deploy/1.8.6/package/package.json not in flight; writing
61 verbose correctMkdir /Users/heechuls/.npm correctMkdir not in flight; initializing
62 verbose afterAdd /Users/heechuls/.npm/ios-deploy/1.8.6/package/package.json written
63 silly install resolved [ { name: 'ios-deploy',
63 silly install resolved     version: '1.8.6',
63 silly install resolved     os: [ 'darwin' ],
63 silly install resolved     description: 'launch iOS apps iOS devices from the command line (Xcode 7)',
63 silly install resolved     main: 'ios-deploy',
63 silly install resolved     scripts:
63 silly install resolved      { preinstall: './src/scripts/check_reqs.js && xcodebuild',
63 silly install resolved        test: 'npm run pycompile && npm run jshint && xcodebuild -target ios-deploy-lib && xcodebuild test -scheme ios-deploy-tests',
63 silly install resolved        jshint: 'node node_modules/jshint/bin/jshint src/scripts/*.js',
63 silly install resolved        pycompile: 'python -m py_compile src/scripts/*.py' },
63 silly install resolved     bin: { 'ios-deploy': './build/Release/ios-deploy' },
63 silly install resolved     repository:
63 silly install resolved      { type: 'git',
63 silly install resolved        url: 'git+https://github.com/phonegap/ios-deploy.git' },
63 silly install resolved     devDependencies: { jshint: '2.5.8' },
63 silly install resolved     keywords: [ 'ios-deploy', 'deploy to iOS device' ],
63 silly install resolved     bugs: { url: 'https://github.com/phonegap/ios-deploy/issues' },
63 silly install resolved     author: { name: 'Greg Hughes' },
63 silly install resolved     license: 'GPLv3',
63 silly install resolved     gitHead: 'd7cccae1ade60378ce1134f496b68eeac53eb860',
63 silly install resolved     homepage: 'https://github.com/phonegap/ios-deploy#readme',
63 silly install resolved     _id: 'ios-deploy@1.8.6',
63 silly install resolved     _shasum: 'abb0b5132e7e6c89d1f521ba7c81c44eec54d4f5',
63 silly install resolved     _from: 'ios-deploy@latest',
63 silly install resolved     _npmVersion: '2.14.7',
63 silly install resolved     _nodeVersion: '4.2.2',
63 silly install resolved     _npmUser: { name: 'shazron', email: 'shazron@gmail.com' },
63 silly install resolved     maintainers: [ [Object], [Object], [Object] ],
63 silly install resolved     dist:
63 silly install resolved      { shasum: 'abb0b5132e7e6c89d1f521ba7c81c44eec54d4f5',
63 silly install resolved        tarball: 'https://registry.npmjs.org/ios-deploy/-/ios-deploy-1.8.6.tgz' },
63 silly install resolved     _npmOperationalInternal:
63 silly install resolved      { host: 'packages-16-east.internal.npmjs.com',
63 silly install resolved        tmp: 'tmp/ios-deploy-1.8.6.tgz_1460409336359_0.34613347332924604' },
63 silly install resolved     directories: {},
63 silly install resolved     _resolved: 'https://registry.npmjs.org/ios-deploy/-/ios-deploy-1.8.6.tgz',
63 silly install resolved     readme: 'ERROR: No README data found!' } ]
64 info install ios-deploy@1.8.6 into /Users/heechuls/Project/talktudy
65 info installOne ios-deploy@1.8.6
66 verbose installOne of ios-deploy to /Users/heechuls/Project/talktudy not in flight; installing
67 verbose correctMkdir /Users/heechuls/.npm/_locks correctMkdir not in flight; initializing
68 verbose lock using /Users/heechuls/.npm/_locks/ios-deploy-a53bde9fd46f16f0.lock for /Users/heechuls/Project/talktudy/node_modules/ios-deploy
69 silly install write writing ios-deploy 1.8.6 to /Users/heechuls/Project/talktudy/node_modules/ios-deploy
70 verbose unbuild node_modules/ios-deploy
71 silly gentlyRm /Users/heechuls/Project/talktudy/node_modules/ios-deploy is being purged from base /Users/heechuls/Project/talktudy
72 verbose gentlyRm don't care about contents; nuking /Users/heechuls/Project/talktudy/node_modules/ios-deploy
73 verbose tar unpack /Users/heechuls/.npm/ios-deploy/1.8.6/package.tgz
74 verbose tar unpacking to /Users/heechuls/Project/talktudy/node_modules/ios-deploy
75 silly gentlyRm /Users/heechuls/Project/talktudy/node_modules/ios-deploy is being purged
76 verbose gentlyRm don't care about contents; nuking /Users/heechuls/Project/talktudy/node_modules/ios-deploy
77 silly gunzTarPerm modes [ '755', '644' ]
78 silly gunzTarPerm extractEntry package.json
79 silly gunzTarPerm extractEntry .npmignore
80 silly gunzTarPerm extractEntry README.md
81 silly gunzTarPerm extractEntry LICENSE
82 silly gunzTarPerm extractEntry CONTRIBUTING.md
83 silly gunzTarPerm extractEntry demo/.npmignore
84 silly gunzTarPerm extractEntry demo/Entitlements.plist
85 silly gunzTarPerm extractEntry demo/Info.plist
86 silly gunzTarPerm extractEntry demo/Makefile
87 silly gunzTarPerm extractEntry demo/ResourceRules.plist
88 silly gunzTarPerm extractEntry demo/demo.c
89 silly gunzTarPerm extractEntry ios-deploy.xcodeproj/project.pbxproj
90 silly gunzTarPerm extractEntry ios-deploy.xcodeproj/project.xcworkspace/xcuserdata/shaz.xcuserdatad/UserInterfaceState.xcuserstate
91 silly gunzTarPerm extractEntry ios-deploy.xcodeproj/xcshareddata/xcschemes/ios-deploy-tests.xcscheme
92 silly gunzTarPerm extractEntry ios-deploy.xcodeproj/xcuserdata/shaz.xcuserdatad/xcschemes/ios-deploy-lib.xcscheme
93 silly gunzTarPerm extractEntry ios-deploy.xcodeproj/xcuserdata/shaz.xcuserdatad/xcschemes/ios-deploy.xcscheme
94 silly gunzTarPerm extractEntry ios-deploy.xcodeproj/xcuserdata/shaz.xcuserdatad/xcschemes/xcschememanagement.plist
95 silly gunzTarPerm extractEntry src/ios-deploy/MobileDevice.h
96 silly gunzTarPerm extractEntry src/ios-deploy/errors.h
97 silly gunzTarPerm extractEntry src/ios-deploy/ios-deploy.m
98 silly gunzTarPerm extractEntry src/ios-deploy/version.h
99 silly gunzTarPerm extractEntry src/ios-deploy-lib/libios_deploy.h
100 silly gunzTarPerm extractEntry src/ios-deploy-lib/libios_deploy.m
101 silly gunzTarPerm extractEntry src/ios-deploy-tests/Info.plist
102 silly gunzTarPerm extractEntry src/ios-deploy-tests/ios_deploy_tests.m
103 silly gunzTarPerm extractEntry src/scripts/check_reqs.js
104 silly gunzTarPerm extractEntry src/scripts/lldb.py
105 verbose write writing to /Users/heechuls/Project/talktudy/node_modules/ios-deploy/package.json
106 info preinstall ios-deploy@1.8.6
107 verbose unsafe-perm in lifecycle false
108 verbose readDependencies loading dependencies from /Users/heechuls/Project/talktudy/node_modules/ios-deploy/package.json
109 verbose readDependencies loading dependencies from /Users/heechuls/Project/talktudy/node_modules/ios-deploy/package.json
110 silly install resolved []
111 verbose about to build /Users/heechuls/Project/talktudy/node_modules/ios-deploy
112 info build /Users/heechuls/Project/talktudy/node_modules/ios-deploy
113 info linkStuff ios-deploy@1.8.6
114 silly linkStuff ios-deploy@1.8.6 has /Users/heechuls/Project/talktudy/node_modules as its parent node_modules
115 verbose linkBins ios-deploy@1.8.6
116 verbose link bins [ { 'ios-deploy': './build/Release/ios-deploy' },
116 verbose link bins   '/Users/heechuls/Project/talktudy/node_modules/.bin',
116 verbose link bins   false ]
117 verbose linkMans ios-deploy@1.8.6
118 verbose rebuildBundles ios-deploy@1.8.6
119 silly gentlyRm /Users/heechuls/Project/talktudy/node_modules/.bin/ios-deploy is being purged
120 verbose gentlyRm don't care about contents; nuking /Users/heechuls/Project/talktudy/node_modules/.bin/ios-deploy
121 info install ios-deploy@1.8.6
122 info postinstall ios-deploy@1.8.6
123 verbose unlock done using /Users/heechuls/.npm/_locks/ios-deploy-a53bde9fd46f16f0.lock for /Users/heechuls/Project/talktudy/node_modules/ios-deploy
124 verbose validateInstall loading /Users/heechuls/Project/talktudy/package.json for validation
125 verbose stack Error: The package rxjs@5.0.0-beta.10 does not satisfy its siblings' peerDependencies requirements!
125 verbose stack     at /usr/local/lib/node_modules/npm/lib/install.js:125:32
125 verbose stack     at /usr/local/lib/node_modules/npm/lib/install.js:268:7
125 verbose stack     at /usr/local/lib/node_modules/npm/node_modules/read-installed/read-installed.js:142:5
125 verbose stack     at /usr/local/lib/node_modules/npm/node_modules/read-installed/read-installed.js:263:14
125 verbose stack     at cb (/usr/local/lib/node_modules/npm/node_modules/slide/lib/async-map.js:47:24)
125 verbose stack     at /usr/local/lib/node_modules/npm/node_modules/read-installed/read-installed.js:263:14
125 verbose stack     at cb (/usr/local/lib/node_modules/npm/node_modules/slide/lib/async-map.js:47:24)
125 verbose stack     at /usr/local/lib/node_modules/npm/node_modules/read-installed/read-installed.js:263:14
125 verbose stack     at cb (/usr/local/lib/node_modules/npm/node_modules/slide/lib/async-map.js:47:24)
125 verbose stack     at /usr/local/lib/node_modules/npm/node_modules/read-installed/read-installed.js:263:14
126 verbose cwd /Users/heechuls/Project/talktudy
127 error Darwin 15.5.0
128 error argv "/usr/local/bin/node" "/usr/local/bin/npm" "install" "ios-deploy"
129 error node v4.4.5
130 error npm  v2.15.5
131 error code EPEERINVALID
132 error peerinvalid The package rxjs@5.0.0-beta.10 does not satisfy its siblings' peerDependencies requirements!
132 error peerinvalid Peer @angular/core@2.0.0-rc.4 wants rxjs@5.0.0-beta.6
132 error peerinvalid Peer @ionic/cloud-angular@0.0.15 wants rxjs@^5.0.0-beta.6
133 verbose exit [ 1, true ]
